<?xml version="1.0" encoding="UTF-8"?>
<!-- Generated by org.testng.reporters.JUnitXMLReporter -->
<testsuite hostname="xyzPC" ignored="0" name="Free CRM App Test Cases" tests="10" failures="1" timestamp="25 Jan 2018 16:44:27 GMT" time="53.937" errors="0">
  <testcase name="setUp" time="20.142" classname="com.crm.qa.testcases.HomePageTest"/>
  <testcase name="AddPost" time="7.304" classname="com.crm.qa.testcases.HomePageTest"/>
  <testcase name="AddNewLinkForPost" time="6.894" classname="com.crm.qa.testcases.HomePageTest"/>
  <testcase name="EnterTitleForPost" time="5.505" classname="com.crm.qa.testcases.HomePageTest"/>
  <testcase name="VerifyPostInPreviewPage" time="3.293" classname="com.crm.qa.testcases.HomePageTest"/>
  <testcase name="AddTag" time="0.432" classname="com.crm.qa.testcases.HomePageTest"/>
  <testcase name="SelectRadio" time="6.382" classname="com.crm.qa.testcases.HomePageTest"/>
  <testcase name="SelectScreenOptionInHomePage" time="0.75" classname="com.crm.qa.testcases.HomePageTest"/>
  <testcase name="ClickPreviewBtn" time="0.338" classname="com.crm.qa.testcases.HomePageTest"/>
  <testcase name="LogoutFromUrl" time="0.068" classname="com.crm.qa.testcases.HomePageTest">
    <failure type="java.lang.AssertionError" message="expected [true] but found [false]">
      <![CDATA[java.lang.AssertionError: expected [true] but found [false]
	at com.crm.qa.pages.HomePage.Logout(HomePage.java:185)
	at com.crm.qa.testcases.HomePageTest.LogoutFromUrl(HomePageTest.java:98)
... Removed 29 stack frames]]>
    </failure>
  </testcase> <!-- LogoutFromUrl -->
</testsuite> <!-- Free CRM App Test Cases -->
